<?xml version="1.0" encoding="UTF-8"?>
<!-- Generated by org.testng.reporters.JUnitReportReporter -->
<testsuite hostname="NB-BLN-PF1XBJ7D" failures="0" tests="2" name="platform.kpi.KpiTest" time="36.975" errors="0" timestamp="2023-02-22T17:27:32 CET" skipped="0">
  <testcase classname="platform.kpi.KpiTest" name="testClinicalKpiAlphabeticalSorting" time="18.823"/>
  <system-out/>
  <testcase classname="platform.kpi.KpiTest" name="testOperationalKpiAlphabeticalSorting" time="18.152"/>
  <system-out/>
</testsuite> <!-- platform.kpi.KpiTest -->
